2025-04-23 15:10:35,421 - INFO - Servidor Prometheus iniciado na porta 8001
2025-04-23 15:13:51,186 - INFO - Servidor Prometheus iniciado na porta 8001
2025-04-23 15:16:46,535 - INFO - Servidor Prometheus iniciado na porta 8001
2025-04-23 15:22:27,671 - INFO - Servidor Prometheus iniciado na porta 8001
2025-04-23 15:26:12,021 - INFO - Servidor Prometheus iniciado na porta 8001
2025-04-23 15:27:35,313 - INFO - Servidor Prometheus iniciado na porta 8001
2025-04-23 15:31:55,971 - INFO - Servidor Prometheus iniciado na porta 8001
2025-04-23 15:33:31,691 - INFO - Servidor Prometheus iniciado na porta 8001
2025-04-23 15:34:52,287 - INFO - Servidor Prometheus iniciado na porta 8001
2025-04-23 15:43:27,429 - INFO - Servidor Prometheus iniciado na porta 8001
2025-04-23 15:44:54,017 - INFO - Servidor Prometheus iniciado na porta 8001
2025-04-23 15:54:09,737 - INFO - Servidor Prometheus iniciado na porta 8001
2025-04-23 17:29:12,308 - INFO - Servidor Prometheus iniciado na porta 8001
2025-04-23 17:34:47,644 - INFO - Servidor Prometheus iniciado na porta 8001
2025-04-23 17:38:46,727 - INFO - Servidor Prometheus iniciado na porta 8001
2025-04-23 17:41:58,540 - INFO - Servidor Prometheus iniciado na porta 8001
2025-04-23 17:46:27,438 - INFO - Servidor Prometheus iniciado na porta 8001
2025-04-23 18:21:29,099 - INFO - Servidor Prometheus iniciado na porta 8001
2025-04-24 14:20:06,531 - INFO - Servidor Prometheus iniciado na porta 8001
2025-04-24 14:23:09,172 - INFO - Servidor Prometheus iniciado na porta 8001
2025-04-24 14:33:34,651 - INFO - Servidor Prometheus iniciado na porta 8001
2025-04-24 16:23:07,833 - INFO - Servidor Prometheus iniciado na porta 8001
2025-04-24 17:05:27,740 - INFO - Servidor Prometheus iniciado na porta 8001
2025-04-24 17:08:58,357 - INFO - Servidor Prometheus iniciado na porta 8001
2025-04-24 17:13:09,737 - INFO - Servidor Prometheus iniciado na porta 8001
2025-04-24 17:21:13,722 - INFO - Servidor Prometheus iniciado na porta 8001
2025-04-24 17:34:29,028 - INFO - Servidor Prometheus iniciado na porta 8001
2025-04-24 17:39:51,952 - INFO - Servidor Prometheus iniciado na porta 8001
2025-04-24 17:42:10,080 - INFO - Servidor Prometheus iniciado na porta 8001
2025-04-24 17:45:44,191 - INFO - Servidor Prometheus iniciado na porta 8001
2025-04-24 18:19:41,682 - INFO - Servidor Prometheus iniciado na porta 8001
2025-04-24 18:58:30,235 - INFO - Servidor Prometheus iniciado na porta 8001
2025-04-29 12:48:34,387 - INFO - Servidor Prometheus iniciado na porta 8001
2025-04-30 13:06:05,709 - INFO - Servidor Prometheus iniciado na porta 8001
2025-05-05 14:19:00,893 - INFO - Servidor Prometheus iniciado na porta 8001
2025-05-06 11:54:31,011 - INFO - Servidor Prometheus iniciado na porta 8001
2025-05-09 13:39:17,372 - INFO - Servidor Prometheus iniciado na porta 8001
2025-06-03 16:37:32,826 - INFO - Servidor Prometheus iniciado na porta 8001
2025-06-03 16:37:40,298 - INFO - Servidor Prometheus iniciado na porta 8001
2025-06-03 16:37:47,888 - INFO - Servidor Prometheus iniciado na porta 8001
2025-06-03 16:46:58,258 - INFO - Servidor Prometheus iniciado na porta 8001
2025-06-03 18:01:12,961 - INFO - Servidor Prometheus iniciado na porta 8001
2025-06-03 19:32:53,404 - INFO - Servidor Prometheus iniciado na porta 8001
2025-06-03 19:58:11,775 - INFO - Servidor Prometheus iniciado na porta 8001
2025-06-03 20:11:42,798 - INFO - Servidor Prometheus iniciado na porta 8001
2025-06-03 21:40:06,537 - INFO - Servidor Prometheus iniciado na porta 8001
2025-06-03 21:56:57,758 - INFO - Servidor Prometheus iniciado na porta 8001
2025-06-04 00:18:45,102 - INFO - Servidor Prometheus iniciado na porta 8001
2025-06-04 00:39:53,375 - INFO - Servidor Prometheus iniciado na porta 8001
2025-06-04 12:48:40,078 - INFO - Servidor Prometheus iniciado na porta 8001
2025-06-04 16:58:11,856 - INFO - Servidor Prometheus iniciado na porta 8001
2025-06-04 17:11:58,257 - INFO - Servidor Prometheus iniciado na porta 8001
2025-06-04 17:22:46,224 - INFO - Servidor Prometheus iniciado na porta 8001
2025-06-04 17:34:19,724 - INFO - Servidor Prometheus iniciado na porta 8001
2025-06-04 19:47:08,639 - INFO - Servidor Prometheus iniciado na porta 8001
2025-06-04 20:09:25,263 - INFO - Servidor Prometheus iniciado na porta 8001
2025-06-04 22:06:53,053 - INFO - Servidor Prometheus iniciado na porta 8001
2025-06-04 22:39:31,444 - INFO - Servidor Prometheus iniciado na porta 8001
2025-06-04 23:05:50,196 - INFO - Servidor Prometheus iniciado na porta 8001
2025-06-05 12:43:19,173 - INFO - Servidor Prometheus iniciado na porta 8001
2025-06-05 14:04:05,200 - INFO - Servidor Prometheus iniciado na porta 8001
2025-06-05 14:22:34,223 - INFO - Servidor Prometheus iniciado na porta 8001
2025-06-05 14:44:59,546 - INFO - Servidor Prometheus iniciado na porta 8001
2025-06-05 14:49:20,177 - INFO - Servidor Prometheus iniciado na porta 8001
2025-06-10 13:59:12,814 - INFO - Servidor Prometheus iniciado na porta 8001
2025-06-18 14:13:41,268 - INFO - 🎯 Alta Prioridade: test_videos/sample.mp4 → test_videos/processed_sample.mp4
2025-06-18 14:13:41,900 - INFO - 🎯 Baixa Prioridade: test_videos/sample.mp4 → test_videos/processed_sample.mp4
2025-06-18 14:13:42,496 - INFO - 🎯 Alta Prioridade: test_videos/video1.mp4 → test_videos/processed_video1.mp4
2025-06-18 14:13:43,085 - INFO - 🎯 Alta Prioridade: test_videos/video2.mp4 → test_videos/processed_video2.mp4
2025-06-18 14:13:43,707 - INFO - 🎯 Alta Prioridade: test_videos/sample.mp4 → test_videos/output_0.mp4
2025-06-18 14:13:43,721 - INFO - 🎯 Alta Prioridade: test_videos/sample.mp4 → test_videos/output_2.mp4
2025-06-18 14:13:43,722 - INFO - 🎯 Alta Prioridade: test_videos/sample.mp4 → test_videos/output_1.mp4
2025-06-18 14:13:43,726 - INFO - 🎯 Alta Prioridade: test_videos/sample.mp4 → test_videos/output_3.mp4
2025-06-18 14:13:43,726 - INFO - 🎯 Alta Prioridade: test_videos/sample.mp4 → test_videos/output_4.mp4
2025-06-18 14:13:43,737 - INFO - 🎯 Alta Prioridade: test_videos/sample.mp4 → test_videos/output_7.mp4
2025-06-18 14:13:43,739 - INFO - 🎯 Alta Prioridade: test_videos/sample.mp4 → test_videos/output_8.mp4
2025-06-18 14:13:43,730 - INFO - 🎯 Alta Prioridade: test_videos/sample.mp4 → test_videos/output_5.mp4
2025-06-18 14:13:43,746 - INFO - 🎯 Alta Prioridade: test_videos/sample.mp4 → test_videos/output_6.mp4
2025-06-18 14:13:43,748 - INFO - 🎯 Alta Prioridade: test_videos/sample.mp4 → test_videos/output_10.mp4
2025-06-18 14:13:43,742 - INFO - 🎯 Alta Prioridade: test_videos/sample.mp4 → test_videos/output_13.mp4
2025-06-18 14:13:43,748 - INFO - 🎯 Alta Prioridade: test_videos/sample.mp4 → test_videos/output_12.mp4
2025-06-18 14:13:43,751 - INFO - 🎯 Alta Prioridade: test_videos/sample.mp4 → test_videos/output_9.mp4
2025-06-18 14:13:43,750 - INFO - 🎯 Alta Prioridade: test_videos/sample.mp4 → test_videos/output_11.mp4
2025-06-18 14:13:43,757 - INFO - 🎯 Alta Prioridade: test_videos/sample.mp4 → test_videos/output_14.mp4
2025-06-18 14:13:43,757 - INFO - 🎯 Alta Prioridade: test_videos/sample.mp4 → test_videos/output_15.mp4
2025-06-18 14:13:44,348 - INFO - 🎯 Alta Prioridade: test_videos/sample.mp4 → test_videos/output_16.mp4
2025-06-18 14:13:44,403 - INFO - 🎯 Alta Prioridade: test_videos/sample.mp4 → test_videos/output_17.mp4
2025-06-18 14:13:44,404 - INFO - 🎯 Alta Prioridade: test_videos/sample.mp4 → test_videos/output_18.mp4
2025-06-18 14:13:44,412 - INFO - 🎯 Alta Prioridade: test_videos/sample.mp4 → test_videos/output_19.mp4
2025-06-18 14:13:44,412 - INFO - 🎯 Alta Prioridade: test_videos/sample.mp4 → test_videos/output_20.mp4
2025-06-18 14:13:44,418 - INFO - 🎯 Alta Prioridade: test_videos/sample.mp4 → test_videos/output_22.mp4
2025-06-18 14:13:44,419 - INFO - 🎯 Alta Prioridade: test_videos/sample.mp4 → test_videos/output_21.mp4
2025-06-18 14:13:44,425 - INFO - 🎯 Alta Prioridade: test_videos/sample.mp4 → test_videos/output_23.mp4
2025-06-18 14:13:44,432 - INFO - 🎯 Alta Prioridade: test_videos/sample.mp4 → test_videos/output_24.mp4
2025-06-18 14:13:44,432 - INFO - 🎯 Alta Prioridade: test_videos/sample.mp4 → test_videos/output_25.mp4
2025-06-18 14:13:44,436 - INFO - 🎯 Alta Prioridade: test_videos/sample.mp4 → test_videos/output_26.mp4
2025-06-18 14:13:44,445 - INFO - 🎯 Alta Prioridade: test_videos/sample.mp4 → test_videos/output_28.mp4
2025-06-18 14:13:44,445 - INFO - 🎯 Alta Prioridade: test_videos/sample.mp4 → test_videos/output_27.mp4
2025-06-18 14:13:44,447 - INFO - 🎯 Alta Prioridade: test_videos/sample.mp4 → test_videos/output_29.mp4
2025-06-18 14:13:44,449 - INFO - 🎯 Alta Prioridade: test_videos/sample.mp4 → test_videos/output_30.mp4
2025-06-18 14:13:44,476 - INFO - 🎯 Alta Prioridade: test_videos/sample.mp4 → test_videos/output_31.mp4
2025-06-18 14:13:45,011 - INFO - 🎯 Alta Prioridade: /tmp/pytest-of-root/pytest-0/test_video_processing_failure0/fake.mp4 → /tmp/pytest-of-root/pytest-0/test_video_processing_failure0/output.mp4
2025-06-18 14:18:42,800 - INFO - 🎯 Alta Prioridade: test_videos/sample.mp4 → test_videos/processed_sample.mp4
2025-06-18 14:18:43,377 - INFO - 🎯 Baixa Prioridade: test_videos/sample.mp4 → test_videos/processed_sample.mp4
2025-06-18 14:18:43,973 - INFO - 🎯 Alta Prioridade: test_videos/video1.mp4 → test_videos/processed_video1.mp4
2025-06-18 14:18:44,579 - INFO - 🎯 Alta Prioridade: test_videos/video2.mp4 → test_videos/processed_video2.mp4
2025-06-18 14:18:45,213 - INFO - 🎯 Alta Prioridade: test_videos/sample.mp4 → test_videos/output_0.mp4
2025-06-18 14:18:45,214 - INFO - 🎯 Alta Prioridade: test_videos/sample.mp4 → test_videos/output_1.mp4
2025-06-18 14:18:45,215 - INFO - 🎯 Alta Prioridade: test_videos/sample.mp4 → test_videos/output_2.mp4
2025-06-18 14:18:45,217 - INFO - 🎯 Alta Prioridade: test_videos/sample.mp4 → test_videos/output_3.mp4
2025-06-18 14:18:45,217 - INFO - 🎯 Alta Prioridade: test_videos/sample.mp4 → test_videos/output_4.mp4
2025-06-18 14:18:45,218 - INFO - 🎯 Alta Prioridade: test_videos/sample.mp4 → test_videos/output_5.mp4
2025-06-18 14:18:45,219 - INFO - 🎯 Alta Prioridade: test_videos/sample.mp4 → test_videos/output_6.mp4
2025-06-18 14:18:45,221 - INFO - 🎯 Alta Prioridade: test_videos/sample.mp4 → test_videos/output_7.mp4
2025-06-18 14:18:45,222 - INFO - 🎯 Alta Prioridade: test_videos/sample.mp4 → test_videos/output_8.mp4
2025-06-18 14:18:45,226 - INFO - 🎯 Alta Prioridade: test_videos/sample.mp4 → test_videos/output_9.mp4
2025-06-18 14:18:45,226 - INFO - 🎯 Alta Prioridade: test_videos/sample.mp4 → test_videos/output_10.mp4
2025-06-18 14:18:45,231 - INFO - 🎯 Alta Prioridade: test_videos/sample.mp4 → test_videos/output_11.mp4
2025-06-18 14:18:45,232 - INFO - 🎯 Alta Prioridade: test_videos/sample.mp4 → test_videos/output_12.mp4
2025-06-18 14:18:45,236 - INFO - 🎯 Alta Prioridade: test_videos/sample.mp4 → test_videos/output_13.mp4
2025-06-18 14:18:45,236 - INFO - 🎯 Alta Prioridade: test_videos/sample.mp4 → test_videos/output_14.mp4
2025-06-18 14:18:45,239 - INFO - 🎯 Alta Prioridade: test_videos/sample.mp4 → test_videos/output_15.mp4
2025-06-18 14:18:45,820 - INFO - 🎯 Alta Prioridade: test_videos/sample.mp4 → test_videos/output_16.mp4
2025-06-18 14:18:45,820 - INFO - 🎯 Alta Prioridade: test_videos/sample.mp4 → test_videos/output_17.mp4
2025-06-18 14:18:45,823 - INFO - 🎯 Alta Prioridade: test_videos/sample.mp4 → test_videos/output_18.mp4
2025-06-18 14:18:45,824 - INFO - 🎯 Alta Prioridade: test_videos/sample.mp4 → test_videos/output_19.mp4
2025-06-18 14:18:45,827 - INFO - 🎯 Alta Prioridade: test_videos/sample.mp4 → test_videos/output_21.mp4
2025-06-18 14:18:45,827 - INFO - 🎯 Alta Prioridade: test_videos/sample.mp4 → test_videos/output_20.mp4
2025-06-18 14:18:45,832 - INFO - 🎯 Alta Prioridade: test_videos/sample.mp4 → test_videos/output_22.mp4
2025-06-18 14:18:45,832 - INFO - 🎯 Alta Prioridade: test_videos/sample.mp4 → test_videos/output_23.mp4
2025-06-18 14:18:45,834 - INFO - 🎯 Alta Prioridade: test_videos/sample.mp4 → test_videos/output_24.mp4
2025-06-18 14:18:45,836 - INFO - 🎯 Alta Prioridade: test_videos/sample.mp4 → test_videos/output_26.mp4
2025-06-18 14:18:45,836 - INFO - 🎯 Alta Prioridade: test_videos/sample.mp4 → test_videos/output_25.mp4
2025-06-18 14:18:45,841 - INFO - 🎯 Alta Prioridade: test_videos/sample.mp4 → test_videos/output_27.mp4
2025-06-18 14:18:45,841 - INFO - 🎯 Alta Prioridade: test_videos/sample.mp4 → test_videos/output_28.mp4
2025-06-18 14:18:45,842 - INFO - 🎯 Alta Prioridade: test_videos/sample.mp4 → test_videos/output_29.mp4
2025-06-18 14:18:45,863 - INFO - 🎯 Alta Prioridade: test_videos/sample.mp4 → test_videos/output_30.mp4
2025-06-18 14:18:45,899 - INFO - 🎯 Alta Prioridade: test_videos/sample.mp4 → test_videos/output_31.mp4
2025-06-18 14:18:46,413 - INFO - 🎯 Alta Prioridade: /tmp/pytest-of-root/pytest-1/test_video_processing_failure0/fake.mp4 → /tmp/pytest-of-root/pytest-1/test_video_processing_failure0/output.mp4
2025-06-18 14:49:23,537 - INFO - 🎯 Alta Prioridade: test_videos/sample.mp4 → test_videos/processed_sample.mp4
2025-06-18 14:49:24,123 - INFO - 🎯 Baixa Prioridade: test_videos/sample.mp4 → test_videos/processed_sample.mp4
2025-06-18 14:49:24,682 - INFO - 🎯 Alta Prioridade: test_videos/video1.mp4 → test_videos/processed_video1.mp4
2025-06-18 14:49:25,220 - INFO - 🎯 Alta Prioridade: test_videos/video2.mp4 → test_videos/processed_video2.mp4
2025-06-18 14:49:25,795 - INFO - 🎯 Alta Prioridade: test_videos/sample.mp4 → test_videos/output_0.mp4
2025-06-18 14:49:25,796 - INFO - 🎯 Alta Prioridade: test_videos/sample.mp4 → test_videos/output_1.mp4
2025-06-18 14:49:25,797 - INFO - 🎯 Alta Prioridade: test_videos/sample.mp4 → test_videos/output_2.mp4
2025-06-18 14:49:25,799 - INFO - 🎯 Alta Prioridade: test_videos/sample.mp4 → test_videos/output_3.mp4
2025-06-18 14:49:25,801 - INFO - 🎯 Alta Prioridade: test_videos/sample.mp4 → test_videos/output_4.mp4
2025-06-18 14:49:25,802 - INFO - 🎯 Alta Prioridade: test_videos/sample.mp4 → test_videos/output_5.mp4
2025-06-18 14:49:25,804 - INFO - 🎯 Alta Prioridade: test_videos/sample.mp4 → test_videos/output_6.mp4
2025-06-18 14:49:25,805 - INFO - 🎯 Alta Prioridade: test_videos/sample.mp4 → test_videos/output_7.mp4
2025-06-18 14:49:25,806 - INFO - 🎯 Alta Prioridade: test_videos/sample.mp4 → test_videos/output_8.mp4
2025-06-18 14:49:25,807 - INFO - 🎯 Alta Prioridade: test_videos/sample.mp4 → test_videos/output_9.mp4
2025-06-18 14:49:25,808 - INFO - 🎯 Alta Prioridade: test_videos/sample.mp4 → test_videos/output_10.mp4
2025-06-18 14:49:25,809 - INFO - 🎯 Alta Prioridade: test_videos/sample.mp4 → test_videos/output_11.mp4
2025-06-18 14:49:25,811 - INFO - 🎯 Alta Prioridade: test_videos/sample.mp4 → test_videos/output_12.mp4
2025-06-18 14:49:25,814 - INFO - 🎯 Alta Prioridade: test_videos/sample.mp4 → test_videos/output_13.mp4
2025-06-18 14:49:25,814 - INFO - 🎯 Alta Prioridade: test_videos/sample.mp4 → test_videos/output_14.mp4
2025-06-18 14:49:25,817 - INFO - 🎯 Alta Prioridade: test_videos/sample.mp4 → test_videos/output_15.mp4
2025-06-18 14:49:26,405 - INFO - 🎯 Alta Prioridade: test_videos/sample.mp4 → test_videos/output_16.mp4
2025-06-18 14:49:26,411 - INFO - 🎯 Alta Prioridade: test_videos/sample.mp4 → test_videos/output_17.mp4
2025-06-18 14:49:26,411 - INFO - 🎯 Alta Prioridade: test_videos/sample.mp4 → test_videos/output_18.mp4
2025-06-18 14:49:26,419 - INFO - 🎯 Alta Prioridade: test_videos/sample.mp4 → test_videos/output_20.mp4
2025-06-18 14:49:26,419 - INFO - 🎯 Alta Prioridade: test_videos/sample.mp4 → test_videos/output_19.mp4
2025-06-18 14:49:26,424 - INFO - 🎯 Alta Prioridade: test_videos/sample.mp4 → test_videos/output_22.mp4
2025-06-18 14:49:26,424 - INFO - 🎯 Alta Prioridade: test_videos/sample.mp4 → test_videos/output_21.mp4
2025-06-18 14:49:26,426 - INFO - 🎯 Alta Prioridade: test_videos/sample.mp4 → test_videos/output_24.mp4
2025-06-18 14:49:26,427 - INFO - 🎯 Alta Prioridade: test_videos/sample.mp4 → test_videos/output_23.mp4
2025-06-18 14:49:26,428 - INFO - 🎯 Alta Prioridade: test_videos/sample.mp4 → test_videos/output_26.mp4
2025-06-18 14:49:26,429 - INFO - 🎯 Alta Prioridade: test_videos/sample.mp4 → test_videos/output_25.mp4
2025-06-18 14:49:26,431 - INFO - 🎯 Alta Prioridade: test_videos/sample.mp4 → test_videos/output_28.mp4
2025-06-18 14:49:26,432 - INFO - 🎯 Alta Prioridade: test_videos/sample.mp4 → test_videos/output_27.mp4
2025-06-18 14:49:26,460 - INFO - 🎯 Alta Prioridade: test_videos/sample.mp4 → test_videos/output_29.mp4
2025-06-18 14:49:26,461 - INFO - 🎯 Alta Prioridade: test_videos/sample.mp4 → test_videos/output_30.mp4
2025-06-18 14:49:26,478 - INFO - 🎯 Alta Prioridade: test_videos/sample.mp4 → test_videos/output_31.mp4
2025-06-18 14:49:26,982 - INFO - 🎯 Alta Prioridade: /tmp/pytest-of-root/pytest-2/test_video_processing_failure0/fake.mp4 → /tmp/pytest-of-root/pytest-2/test_video_processing_failure0/output.mp4
